#
# A fatal error has been detected by the Java Runtime Environment:
#
#  EXCEPTION_ACCESS_VIOLATION (0xc0000005) at pc=0x00007ff9595bf991, pid=14728, tid=12320
#
# JRE version: OpenJDK Runtime Environment Temurin-19.0.2+7 (19.0.2+7) (build 19.0.2+7)
# Java VM: OpenJDK 64-Bit Server VM Temurin-19.0.2+7 (19.0.2+7, mixed mode, tiered, compressed oops, compressed class ptrs, g1 gc, windows-amd64)
# Problematic frame:
# C  [nvumdshimx.dll+0x4f991]
#
# No core dump will be written. Minidumps are not enabled by default on client versions of Windows
#
# If you would like to submit a bug report, please visit:
#   https://github.com/adoptium/adoptium-support/issues
# The crash happened outside the Java Virtual Machine in native code.
# See problematic frame for where to report the bug.
#

---------------  S U M M A R Y ------------

Command Line: -Dfile.encoding=UTF-8 --module-path=C:\Users\quang\Documents\BTL\bin;C:\Program Files\JavaFX\javafx-sdk-20\lib\javafx.base.jar;C:\Program Files\JavaFX\javafx-sdk-20\lib\javafx.controls.jar;C:\Program Files\JavaFX\javafx-sdk-20\lib\javafx.fxml.jar;C:\Program Files\JavaFX\javafx-sdk-20\lib\javafx.graphics.jar;C:\Program Files\JavaFX\javafx-sdk-20\lib\javafx.media.jar;C:\Program Files\JavaFX\javafx-sdk-20\lib\javafx.swing.jar;C:\Program Files\JavaFX\javafx-sdk-20\lib\javafx.web.jar;C:\Program Files\JavaFX\javafx-sdk-20\lib\javafx-swt.jar -XX:+ShowCodeDetailsInExceptionMessages -Djdk.module.main=BTL BTL/application.Main

Host: Intel(R) Core(TM) i7-2720QM CPU @ 2.20GHz, 8 cores, 7G,  Windows 10 , 64 bit Build 19041 (10.0.19041.2546)
Time: Thu Apr  6 17:48:01 2023 SE Asia Standard Time elapsed time: 46.967840 seconds (0d 0h 0m 46s)

---------------  T H R E A D  ---------------

Current thread (0x000001ced64e2bd0):  JavaThread "QuantumRenderer-0" daemon [_thread_in_native, id=12320, stack(0x0000001c45e00000,0x0000001c45f00000)]

Stack: [0x0000001c45e00000,0x0000001c45f00000],  sp=0x0000001c45efe8f0,  free space=1018k
Native frames: (J=compiled Java code, j=interpreted, Vv=VM code, C=native code)
C  [nvumdshimx.dll+0x4f991]

Java frames: (J=compiled Java code, j=interpreted, Vv=VM code)
j  com.sun.prism.d3d.D3DSwapChain.nPresent(JJ)I+0 javafx.graphics@20
j  com.sun.prism.d3d.D3DSwapChain.present()Z+25 javafx.graphics@20
j  com.sun.javafx.tk.quantum.PresentingPainter.run()V+451 javafx.graphics@20
j  java.util.concurrent.Executors$RunnableAdapter.call()Ljava/lang/Object;+4 java.base@19.0.2
j  java.util.concurrent.FutureTask.runAndReset()Z+44 java.base@19.0.2
j  com.sun.javafx.tk.RenderJob.run()V+1 javafx.graphics@20
j  java.util.concurrent.ThreadPoolExecutor.runWorker(Ljava/util/concurrent/ThreadPoolExecutor$Worker;)V+92 java.base@19.0.2
j  java.util.concurrent.ThreadPoolExecutor$Worker.run()V+5 java.base@19.0.2
j  com.sun.javafx.tk.quantum.QuantumRenderer$PipelineRunnable.run()V+8 javafx.graphics@20
j  java.lang.Thread.run()V+13 java.base@19.0.2
v  ~StubRoutines::call_stub 0x000001cec1f4100e

siginfo: EXCEPTION_ACCESS_VIOLATION (0xc0000005), reading address 0x000001ced62e9000


Registers:
RAX=0x000001ced62e8fc0, RBX=0x0000001c45efeb00, RCX=0x000001ced6fa6250, RDX=0x0000000000000060
RSP=0x0000001c45efe8f0, RBP=0x0000001c45efec70, RSI=0x000001cedf092b88, RDI=0x0000000000000003
R8 =0x0000000000000048, R9 =0x000000000000001d, R10=0x0000000000000000, R11=0x4783f00000000054
R12=0x0000000000000276, R13=0x0000000000000000, R14=0x000001ced6299010, R15=0x0000000000000003
RIP=0x00007ff9595bf991, EFLAGS=0x0000000000010207


Register to memory mapping:

RIP=0x00007ff9595bf991 nvumdshimx.dll
RAX=0x000001ced62e8fc0 points into unknown readable memory: 0x000002d000000500 | 00 05 00 00 d0 02 00 00
RBX=0x0000001c45efeb00 is pointing into the stack for thread: 0x000001ced64e2bd0
RCX=0x000001ced6fa6250 points into unknown readable memory: 0x000002d000000500 | 00 05 00 00 d0 02 00 00
RDX=0x0000000000000060 is an unknown value
RSP=0x0000001c45efe8f0 is pointing into the stack for thread: 0x000001ced64e2bd0
RBP=0x0000001c45efec70 is pointing into the stack for thread: 0x000001ced64e2bd0
RSI=0x000001cedf092b88 points into unknown readable memory: 0x000001ced62e8fc0 | c0 8f 2e d6 ce 01 00 00
RDI=0x0000000000000003 is an unknown value
R8 =0x0000000000000048 is an unknown value
R9 =0x000000000000001d is an unknown value
R10=0x0 is NULL
R11=0x4783f00000000054 is an unknown value
R12=0x0000000000000276 is an unknown value
R13=0x0 is NULL
R14=0x000001ced6299010 points into unknown readable memory: 0x0000000040000a00 | 00 0a 00 40 00 00 00 00
R15=0x0000000000000003 is an unknown value


Top of Stack: (sp=0x0000001c45efe8f0)
0x0000001c45efe8f0:   000001ced689a080 0000001c45efedd0
0x0000001c45efe900:   0000000000000003 000001ced6299010
0x0000001c45efe910:   0000001c45efea58 00007ff95957fea1
0x0000001c45efe920:   0000000000000001 0000001c45efedd0
0x0000001c45efe930:   0000001c45efedd0 0000001c45efea58
0x0000001c45efe940:   00000000076b0000 000000000000004f
0x0000001c45efe950:   000001ce00000000 000001cedf092b30
0x0000001c45efe960:   0000000000000000 4000464200000000
0x0000001c45efe970:   0000000000000000 0000000000000000
0x0000001c45efe980:   000001ceded6a880 00000000b4a90000
0x0000001c45efe990:   000001ceb4a902a8 000001ced62e8ec0
0x0000001c45efe9a0:   0000000000000000 000001cedf091c30
0x0000001c45efe9b0:   000001cedf091c30 0000000040004642
0x0000001c45efe9c0:   0000000000000000 40001c4240001900
0x0000001c45efe9d0:   0000000000000000 000001f400000000
0x0000001c45efe9e0:   0000000100000000 000001ced62e8c40 

Instructions: (pc=0x00007ff9595bf991)
0x00007ff9595bf891:   41 8b 44 00 e0 89 44 0a e8 48 8b 47 10 48 8b 0b
0x00007ff9595bf8a1:   42 8b 44 00 e4 89 44 0a ec 48 8b 47 10 48 8b 0b
0x00007ff9595bf8b1:   42 8b 44 00 e8 89 44 0a f0 44 3b 4b 34 72 90 48
0x00007ff9595bf8c1:   8b 5c 24 30 48 83 c4 20 5f c3 cc cc cc cc cc 48
0x00007ff9595bf8d1:   89 5c 24 08 48 89 74 24 10 57 48 83 ec 20 33 c0
0x00007ff9595bf8e1:   48 8b d9 48 8b f2 48 89 01 48 89 41 08 48 89 41
0x00007ff9595bf8f1:   10 48 89 41 18 48 89 41 20 48 89 41 28 48 89 41
0x00007ff9595bf901:   30 48 89 41 38 48 89 41 40 8b 4a 24 e8 5e a7 fe
0x00007ff9595bf911:   ff 33 ff 89 03 8b 46 30 89 43 1c 8b 46 2c 89 43
0x00007ff9595bf921:   0c 8b 46 28 c7 43 3c 01 00 00 00 89 43 08 8b 46
0x00007ff9595bf931:   34 89 7b 38 8b c8 89 43 18 b8 20 00 00 00 89 7b
0x00007ff9595bf941:   40 48 f7 e1 48 c7 c1 ff ff ff ff 48 0f 40 c1 48
0x00007ff9595bf951:   8b c8 e8 a8 96 00 00 48 89 43 10 39 7b 18 76 4e
0x00007ff9595bf961:   8b d7 44 8b c7 66 66 0f 1f 84 00 00 00 00 00 48
0x00007ff9595bf971:   8b 06 48 8b 4b 10 ff c7 41 8b 44 00 0c 4d 8d 40
0x00007ff9595bf981:   18 48 8d 52 20 89 44 0a e0 48 8b 06 48 8b 4b 10
0x00007ff9595bf991:   41 8b 44 00 f8 89 44 0a e4 48 8b 06 48 8b 4b 10
0x00007ff9595bf9a1:   41 8b 44 00 fc 89 44 0a e8 3b 7b 18 72 c1 48 8b
0x00007ff9595bf9b1:   5c 24 30 48 8b 74 24 38 48 83 c4 20 5f c3 cc 48
0x00007ff9595bf9c1:   89 5c 24 08 57 48 83 ec 20 33 c0 48 8b d9 48 8b
0x00007ff9595bf9d1:   fa 48 89 01 48 89 41 08 48 89 41 10 48 89 41 18
0x00007ff9595bf9e1:   48 89 41 20 48 89 41 28 48 89 41 30 48 89 41 38
0x00007ff9595bf9f1:   48 89 41 40 8b 42 20 89 01 8b 42 4c 89 41 04 8b
0x00007ff9595bfa01:   42 0c 89 41 1c 8b 42 34 89 41 20 8b 42 3c 89 41
0x00007ff9595bfa11:   0c 8b 42 38 48 c7 41 10 00 00 00 00 89 41 08 b9
0x00007ff9595bfa21:   01 00 00 00 89 4b 3c 89 4b 18 8b 42 48 89 43 38
0x00007ff9595bfa31:   b8 20 00 00 00 48 f7 e1 48 c7 c1 ff ff ff ff 48
0x00007ff9595bfa41:   0f 40 c1 48 8b c8 e8 b4 95 00 00 33 c9 48 89 43
0x00007ff9595bfa51:   10 48 89 08 48 89 48 08 48 89 48 10 48 89 48 18
0x00007ff9595bfa61:   48 8b 4b 10 8b 47 28 89 01 48 8b 4b 10 8b 47 2c
0x00007ff9595bfa71:   89 41 04 48 8b 4b 10 8b 47 30 48 8b 5c 24 30 89
0x00007ff9595bfa81:   41 08 48 83 c4 20 5f c3 cc cc cc cc cc cc cc 48 


Stack slot to memory mapping:
stack at sp + 0 slots: 0x000001ced689a080 points into unknown readable memory: 0x000001ced6299010 | 10 90 29 d6 ce 01 00 00
stack at sp + 1 slots: 0x0000001c45efedd0 is pointing into the stack for thread: 0x000001ced64e2bd0
stack at sp + 2 slots: 0x0000000000000003 is an unknown value
stack at sp + 3 slots: 0x000001ced6299010 points into unknown readable memory: 0x0000000040000a00 | 00 0a 00 40 00 00 00 00
stack at sp + 4 slots: 0x0000001c45efea58 is pointing into the stack for thread: 0x000001ced64e2bd0
stack at sp + 5 slots: 0x00007ff95957fea1 nvumdshimx.dll
stack at sp + 6 slots: 0x0000000000000001 is an unknown value
stack at sp + 7 slots: 0x0000001c45efedd0 is pointing into the stack for thread: 0x000001ced64e2bd0


---------------  P R O C E S S  ---------------

Threads class SMR info:
_java_thread_list=0x000001ced5a64dc0, length=20, elements={
0x000001ceb7161150, 0x000001ced54b45d0, 0x000001ced54b5a10, 0x000001ced54bae40,
0x000001ced54bb980, 0x000001ced54d93d0, 0x000001ced54defb0, 0x000001ced54e3380,
0x000001ced54e60b0, 0x000001ced54efae0, 0x000001ced5620be0, 0x000001ced67049e0,
0x000001ced64e2bd0, 0x000001ced6223710, 0x000001ced64140b0, 0x000001ced64120d0,
0x000001ced6412b70, 0x000001ced64150a0, 0x000001ced6413610, 0x000001cedef5f0f0
}

Java Threads: ( => current thread )
  0x000001ceb7161150 JavaThread "main" [_thread_blocked, id=6000, stack(0x0000001c44d00000,0x0000001c44e00000)]
  0x000001ced54b45d0 JavaThread "Reference Handler" daemon [_thread_blocked, id=4680, stack(0x0000001c45400000,0x0000001c45500000)]
  0x000001ced54b5a10 JavaThread "Finalizer" daemon [_thread_blocked, id=4796, stack(0x0000001c45500000,0x0000001c45600000)]
  0x000001ced54bae40 JavaThread "Signal Dispatcher" daemon [_thread_blocked, id=13324, stack(0x0000001c45600000,0x0000001c45700000)]
  0x000001ced54bb980 JavaThread "Attach Listener" daemon [_thread_blocked, id=13868, stack(0x0000001c45700000,0x0000001c45800000)]
  0x000001ced54d93d0 JavaThread "Service Thread" daemon [_thread_blocked, id=14484, stack(0x0000001c45800000,0x0000001c45900000)]
  0x000001ced54defb0 JavaThread "Monitor Deflation Thread" daemon [_thread_blocked, id=16132, stack(0x0000001c45900000,0x0000001c45a00000)]
  0x000001ced54e3380 JavaThread "C2 CompilerThread0" daemon [_thread_blocked, id=5068, stack(0x0000001c45a00000,0x0000001c45b00000)]
  0x000001ced54e60b0 JavaThread "C1 CompilerThread0" daemon [_thread_blocked, id=3672, stack(0x0000001c45b00000,0x0000001c45c00000)]
  0x000001ced54efae0 JavaThread "Sweeper thread" daemon [_thread_blocked, id=8012, stack(0x0000001c45c00000,0x0000001c45d00000)]
  0x000001ced5620be0 JavaThread "Common-Cleaner" daemon [_thread_blocked, id=13968, stack(0x0000001c45d00000,0x0000001c45e00000)]
  0x000001ced67049e0 JavaThread "Notification Thread" daemon [_thread_blocked, id=3704, stack(0x0000001c46000000,0x0000001c46100000)]
=>0x000001ced64e2bd0 JavaThread "QuantumRenderer-0" daemon [_thread_in_native, id=12320, stack(0x0000001c45e00000,0x0000001c45f00000)]
  0x000001ced6223710 JavaThread "InvokeLaterDispatcher" daemon [_thread_blocked, id=9024, stack(0x0000001c45f00000,0x0000001c46000000)]
  0x000001ced64140b0 JavaThread "JavaFX Application Thread" [_thread_in_native, id=15976, stack(0x0000001c46200000,0x0000001c46300000)]
  0x000001ced64120d0 JavaThread "Thread-1" daemon [_thread_in_native, id=10668, stack(0x0000001c46400000,0x0000001c46500000)]
  0x000001ced6412b70 JavaThread "JavaFX-Launcher" [_thread_blocked, id=17672, stack(0x0000001c46500000,0x0000001c46600000)]
  0x000001ced64150a0 JavaThread "Prism Font Disposer" daemon [_thread_blocked, id=6272, stack(0x0000001c47200000,0x0000001c47300000)]
  0x000001ced6413610 JavaThread "Cleaner-0" daemon [_thread_blocked, id=17936, stack(0x0000001c47440000,0x0000001c47540000)]
  0x000001cedef5f0f0 JavaThread "C2 CompilerThread1" daemon [_thread_blocked, id=16032, stack(0x0000001c47300000,0x0000001c47400000)]

Other Threads:
  0x000001ced5459c50 VMThread "VM Thread" [stack: 0x0000001c45300000,0x0000001c45400000] [id=2968]
  0x000001ced6341c20 WatcherThread "VM Periodic Task Thread" [stack: 0x0000001c46100000,0x0000001c46200000] [id=5972]
  0x000001ceb71bddb0 WorkerThread "GC Thread#0" [stack: 0x0000001c44e00000,0x0000001c44f00000] [id=15928]
  0x000001ced69fa5a0 WorkerThread "GC Thread#1" [stack: 0x0000001c46600000,0x0000001c46700000] [id=14264]
  0x000001ced69fbef0 WorkerThread "GC Thread#2" [stack: 0x0000001c46700000,0x0000001c46800000] [id=11768]
  0x000001ced69fbc20 WorkerThread "GC Thread#3" [stack: 0x0000001c46800000,0x0000001c46900000] [id=1732]
  0x000001ced69fb0e0 WorkerThread "GC Thread#4" [stack: 0x0000001c46900000,0x0000001c46a00000] [id=1884]
  0x000001ced69fa2d0 WorkerThread "GC Thread#5" [stack: 0x0000001c46a00000,0x0000001c46b00000] [id=11620]
  0x000001ced69fb3b0 WorkerThread "GC Thread#6" [stack: 0x0000001c46f00000,0x0000001c47000000] [id=15992]
  0x000001ced69fb950 WorkerThread "GC Thread#7" [stack: 0x0000001c47000000,0x0000001c47100000] [id=12608]
  0x000001cece870710 ConcurrentGCThread "G1 Main Marker" [stack: 0x0000001c44f00000,0x0000001c45000000] [id=2944]
  0x000001cece8714d0 WorkerThread "G1 Conc#0" [stack: 0x0000001c45000000,0x0000001c45100000] [id=8024]
  0x000001ced6c85ec0 WorkerThread "G1 Conc#1" [stack: 0x0000001c47100000,0x0000001c47200000] [id=12420]
  0x000001cece90bf40 ConcurrentGCThread "G1 Refine#0" [stack: 0x0000001c45100000,0x0000001c45200000] [id=7380]
  0x000001cece90e740 ConcurrentGCThread "G1 Service" [stack: 0x0000001c45200000,0x0000001c45300000] [id=5500]

Threads with active compile tasks:

VM state: not at safepoint (normal execution)

VM Mutex/Monitor currently owned by a thread: None

Heap address: 0x0000000081c00000, size: 2020 MB, Compressed Oops mode: 32-bit

CDS archive(s) not mapped
Compressed class space mapped at: 0x0000000100000000-0x0000000140000000, reserved size: 1073741824
Narrow klass base: 0x0000000000000000, Narrow klass shift: 3, Narrow klass range: 0x140000000

GC Precious Log:
 CardTable entry size: 512
 Card Set container configuration: InlinePtr #cards 5 size 8 Array Of Cards #cards 12 size 40 Howl #buckets 4 coarsen threshold 1843 Howl Bitmap #cards 512 size 80 coarsen threshold 460 Card regions per heap region 1 cards per card region 2048
 CPUs: 8 total, 8 available
 Memory: 8072M
 Large Page Support: Disabled
 NUMA Support: Disabled
 Compressed Oops: Enabled (32-bit)
 Heap Region Size: 1M
 Heap Min Capacity: 8M
 Heap Initial Capacity: 128M
 Heap Max Capacity: 2020M
 Pre-touch: Disabled
 Parallel Workers: 8
 Concurrent Workers: 2
 Concurrent Refinement Workers: 8
 Periodic GC: Disabled

Heap:
 garbage-first heap   total 37888K, used 23064K [0x0000000081c00000, 0x0000000100000000)
  region size 1024K, 2 young (2048K), 1 survivors (1024K)
 Metaspace       used 28104K, committed 28480K, reserved 1114112K
  class space    used 3573K, committed 3776K, reserved 1048576K

Heap Regions: E=young(eden), S=young(survivor), O=old, HS=humongous(starts), HC=humongous(continues), CS=collection set, F=free, OA=open archive, CA=closed archive, TAMS=top-at-mark-start (previous, next)
|   0|0x0000000081c00000, 0x0000000081d00000, 0x0000000081d00000|100%| O|  |TAMS 0x0000000081d00000, 0x0000000081c00000| Untracked 
|   1|0x0000000081d00000, 0x0000000081e00000, 0x0000000081e00000|100%| O|  |TAMS 0x0000000081e00000, 0x0000000081d00000| Untracked 
|   2|0x0000000081e00000, 0x0000000081f00000, 0x0000000081f00000|100%| O|  |TAMS 0x0000000081f00000, 0x0000000081e00000| Untracked 
|   3|0x0000000081f00000, 0x0000000082000000, 0x0000000082000000|100%| O|  |TAMS 0x0000000082000000, 0x0000000081f00000| Untracked 
|   4|0x0000000082000000, 0x0000000082100000, 0x0000000082100000|100%| O|  |TAMS 0x0000000082100000, 0x0000000082000000| Untracked 
|   5|0x0000000082100000, 0x0000000082200000, 0x0000000082200000|100%| O|  |TAMS 0x0000000082200000, 0x0000000082100000| Untracked 
|   6|0x0000000082200000, 0x0000000082300000, 0x0000000082300000|100%| O|  |TAMS 0x0000000082300000, 0x0000000082200000| Untracked 
|   7|0x0000000082300000, 0x0000000082400000, 0x0000000082400000|100%| O|  |TAMS 0x0000000082400000, 0x0000000082300000| Untracked 
|   8|0x0000000082400000, 0x0000000082500000, 0x0000000082500000|100%| O|  |TAMS 0x0000000082500000, 0x0000000082400000| Untracked 
|   9|0x0000000082500000, 0x0000000082600000, 0x0000000082600000|100%|HS|  |TAMS 0x0000000082600000, 0x0000000082500000| Complete 
|  10|0x0000000082600000, 0x0000000082700000, 0x0000000082700000|100%|HC|  |TAMS 0x0000000082700000, 0x0000000082600000| Complete 
|  11|0x0000000082700000, 0x0000000082800000, 0x0000000082800000|100%| O|  |TAMS 0x0000000082800000, 0x0000000082700000| Complete 
|  12|0x0000000082800000, 0x0000000082886200, 0x0000000082900000| 52%| O|  |TAMS 0x0000000082800000, 0x0000000082800000| Untracked 
|  13|0x0000000082900000, 0x0000000082a00000, 0x0000000082a00000|100%| O|  |TAMS 0x0000000082a00000, 0x0000000082900000| Untracked 
|  14|0x0000000082a00000, 0x0000000082b00000, 0x0000000082b00000|100%|HS|  |TAMS 0x0000000082a00000, 0x0000000082a00000| Complete 
|  15|0x0000000082b00000, 0x0000000082c00000, 0x0000000082c00000|100%|HC|  |TAMS 0x0000000082b00000, 0x0000000082b00000| Complete 
|  16|0x0000000082c00000, 0x0000000082d00000, 0x0000000082d00000|100%| O|  |TAMS 0x0000000082d00000, 0x0000000082c00000| Complete 
|  17|0x0000000082d00000, 0x0000000082e00000, 0x0000000082e00000|100%| O|  |TAMS 0x0000000082e00000, 0x0000000082d00000| Untracked 
|  18|0x0000000082e00000, 0x0000000082f00000, 0x0000000082f00000|100%|HS|  |TAMS 0x0000000082e00000, 0x0000000082e00000| Complete 
|  19|0x0000000082f00000, 0x0000000083000000, 0x0000000083000000|100%|HC|  |TAMS 0x0000000082f00000, 0x0000000082f00000| Complete 
|  20|0x0000000083000000, 0x0000000083100000, 0x0000000083100000|100%| O|  |TAMS 0x0000000083100000, 0x0000000083000000| Complete 
|  21|0x0000000083100000, 0x0000000083200000, 0x0000000083200000|100%| O|  |TAMS 0x000000008317c200, 0x0000000083100000| Untracked 
|  22|0x0000000083200000, 0x0000000083200000, 0x0000000083300000|  0%| F|  |TAMS 0x0000000083200000, 0x0000000083200000| Untracked 
|  23|0x0000000083300000, 0x0000000083300000, 0x0000000083400000|  0%| F|  |TAMS 0x0000000083300000, 0x0000000083300000| Untracked 
|  24|0x0000000083400000, 0x0000000083400000, 0x0000000083500000|  0%| F|  |TAMS 0x0000000083400000, 0x0000000083400000| Untracked 
|  25|0x0000000083500000, 0x0000000083600000, 0x0000000083600000|100%| S|CS|TAMS 0x0000000083500000, 0x0000000083500000| Complete 
|  26|0x0000000083600000, 0x0000000083600000, 0x0000000083700000|  0%| F|  |TAMS 0x0000000083600000, 0x0000000083600000| Untracked 
|  27|0x0000000083700000, 0x0000000083700000, 0x0000000083800000|  0%| F|  |TAMS 0x0000000083700000, 0x0000000083700000| Untracked 
|  28|0x0000000083800000, 0x0000000083800000, 0x0000000083900000|  0%| F|  |TAMS 0x0000000083800000, 0x0000000083800000| Untracked 
|  29|0x0000000083900000, 0x0000000083900000, 0x0000000083a00000|  0%| F|  |TAMS 0x0000000083900000, 0x0000000083900000| Untracked 
|  30|0x0000000083a00000, 0x0000000083a00000, 0x0000000083b00000|  0%| F|  |TAMS 0x0000000083a00000, 0x0000000083a00000| Untracked 
|  31|0x0000000083b00000, 0x0000000083b00000, 0x0000000083c00000|  0%| F|  |TAMS 0x0000000083b00000, 0x0000000083b00000| Untracked 
|  90|0x0000000087600000, 0x0000000087600000, 0x0000000087700000|  0%| F|  |TAMS 0x0000000087600000, 0x0000000087600000| Untracked 
|  91|0x0000000087700000, 0x0000000087700000, 0x0000000087800000|  0%| F|  |TAMS 0x0000000087700000, 0x0000000087700000| Untracked 
|  92|0x0000000087800000, 0x0000000087800000, 0x0000000087900000|  0%| F|  |TAMS 0x0000000087800000, 0x0000000087800000| Untracked 
|  93|0x0000000087900000, 0x0000000087900000, 0x0000000087a00000|  0%| F|  |TAMS 0x0000000087900000, 0x0000000087900000| Untracked 
| 127|0x0000000089b00000, 0x0000000089b66500, 0x0000000089c00000| 39%| E|  |TAMS 0x0000000089b00000, 0x0000000089b00000| Complete 

Card table byte_map: [0x000001ceca140000,0x000001ceca540000] _byte_map_base: 0x000001cec9d32000

Marking Bits (Prev, Next): (CMBitMap*) 0x000001ceb71be330, (CMBitMap*) 0x000001ceb71be2f0
 Prev Bits: [0x000001cecc8d0000, 0x000001cece860000)
 Next Bits: [0x000001ceca940000, 0x000001cecc8d0000)

Polling page: 0x000001ceb4d20000

Metaspace:

Usage:
  Non-class:     23.96 MB used.
      Class:      3.49 MB used.
       Both:     27.45 MB used.

Virtual space:
  Non-class space:       64.00 MB reserved,      24.12 MB ( 38%) committed,  1 nodes.
      Class space:        1.00 GB reserved,       3.69 MB ( <1%) committed,  1 nodes.
             Both:        1.06 GB reserved,      27.81 MB (  3%) committed. 

Chunk freelists:
   Non-Class:  3.67 MB
       Class:  355.00 KB
        Both:  4.02 MB

MaxMetaspaceSize: unlimited
CompressedClassSpaceSize: 1.00 GB
Initial GC threshold: 21.00 MB
Current GC threshold: 46.38 MB
CDS: off
MetaspaceReclaimPolicy: balanced
 - commit_granule_bytes: 65536.
 - commit_granule_words: 8192.
 - virtual_space_node_default_size: 8388608.
 - enlarge_chunks_in_place: 1.
 - new_chunks_are_fully_committed: 0.
 - uncommit_free_chunks: 1.
 - use_allocation_guard: 0.


Internal statistics:

num_allocs_failed_limit: 3.
num_arena_births: 404.
num_arena_deaths: 0.
num_vsnodes_births: 2.
num_vsnodes_deaths: 0.
num_space_committed: 445.
num_space_uncommitted: 0.
num_chunks_returned_to_freelist: 3.
num_chunks_taken_from_freelist: 1080.
num_chunk_merges: 3.
num_chunk_splits: 757.
num_chunks_enlarged: 591.
num_inconsistent_stats: 0.

CodeHeap 'non-profiled nmethods': size=120000Kb used=1992Kb max_used=1992Kb free=118007Kb
 bounds [0x000001cec24e0000, 0x000001cec2750000, 0x000001cec9a10000]
CodeHeap 'profiled nmethods': size=120000Kb used=9494Kb max_used=9494Kb free=110505Kb
 bounds [0x000001cebaa10000, 0x000001cebb360000, 0x000001cec1f40000]
CodeHeap 'non-nmethods': size=5760Kb used=1538Kb max_used=1589Kb free=4221Kb
 bounds [0x000001cec1f40000, 0x000001cec21b0000, 0x000001cec24e0000]
 total_blobs=5444 nmethods=4619 adapters=733
 compilation: enabled
              stopped_count=0, restarted_count=0
 full_count=0

Compilation events (20 events):
Event: 46.895 Thread 0x000001ced54e60b0 nmethod 4615 0x000001cebb350f90 code [0x000001cebb3511a0, 0x000001cebb3519f8]
Event: 46.895 Thread 0x000001ced54e60b0 4618       3       javafx.scene.text.Text::textProperty (27 bytes)
Event: 46.896 Thread 0x000001ced54e60b0 nmethod 4618 0x000001cebb351c90 code [0x000001cebb351e60, 0x000001cebb352378]
Event: 46.896 Thread 0x000001ced54e60b0 4616   !   3       com.sun.javafx.text.GlyphLayout::getInstance (42 bytes)
Event: 46.896 Thread 0x000001ced54e60b0 nmethod 4616 0x000001cebb352510 code [0x000001cebb352740, 0x000001cebb352f38]
Event: 46.896 Thread 0x000001ced54e60b0 4617       3       com.sun.javafx.text.GlyphLayout::dispose (12 bytes)
Event: 46.897 Thread 0x000001ced54e60b0 nmethod 4617 0x000001cebb353290 code [0x000001cebb353420, 0x000001cebb353578]
Event: 46.917 Thread 0x000001ced54e60b0 4620       3       javafx.scene.layout.Region::computeXOffset (60 bytes)
Event: 46.917 Thread 0x000001ced54e60b0 nmethod 4620 0x000001cebb353610 code [0x000001cebb353800, 0x000001cebb353b08]
Event: 46.918 Thread 0x000001cedef5f0f0 4614       4       java.util.HashMap::valuesToArray (81 bytes)
Event: 46.920 Thread 0x000001ced54e60b0 4621       3       com.sun.javafx.collections.VetoableListDecorator::iterator (27 bytes)
Event: 46.921 Thread 0x000001ced54e60b0 nmethod 4621 0x000001cebb353c90 code [0x000001cebb353e60, 0x000001cebb354258]
Event: 46.921 Thread 0x000001ced54e60b0 4622       3       com.sun.javafx.collections.VetoableListDecorator$ModCountAccessorImpl::<init> (10 bytes)
Event: 46.921 Thread 0x000001ced54e60b0 nmethod 4622 0x000001cebb354410 code [0x000001cebb3545c0, 0x000001cebb354778]
Event: 46.921 Thread 0x000001ced54e60b0 4623       3       com.sun.javafx.collections.VetoableListDecorator$VetoableIteratorDecorator::<init> (36 bytes)
Event: 46.921 Thread 0x000001ced54e60b0 nmethod 4623 0x000001cebb354890 code [0x000001cebb354a40, 0x000001cebb354d58]
Event: 46.931 Thread 0x000001cedef5f0f0 nmethod 4614 0x000001cec26cb110 code [0x000001cec26cb2a0, 0x000001cec26cb638]
Event: 46.931 Thread 0x000001cedef5f0f0 4606       4       java.lang.StringLatin1::inflate (34 bytes)
Event: 46.932 Thread 0x000001ced54e60b0 4624       3       com.sun.prism.impl.ps.BaseShaderGraphics::drawTexture3SliceH (104 bytes)
Event: 46.933 Thread 0x000001ced54e60b0 nmethod 4624 0x000001cebb354f10 code [0x000001cebb355100, 0x000001cebb3557f8]

GC Heap History (20 events):
Event: 1.174 GC heap before
{Heap before GC invocations=0 (full 0):
 garbage-first heap   total 131072K, used 22528K [0x0000000081c00000, 0x0000000100000000)
  region size 1024K, 23 young (23552K), 0 survivors (0K)
 Metaspace       used 13991K, committed 14208K, reserved 1114112K
  class space    used 1424K, committed 1536K, reserved 1048576K
}
Event: 1.179 GC heap after
{Heap after GC invocations=1 (full 0):
 garbage-first heap   total 131072K, used 3440K [0x0000000081c00000, 0x0000000100000000)
  region size 1024K, 3 young (3072K), 3 survivors (3072K)
 Metaspace       used 13991K, committed 14208K, reserved 1114112K
  class space    used 1424K, committed 1536K, reserved 1048576K
}
Event: 2.126 GC heap before
{Heap before GC invocations=1 (full 0):
 garbage-first heap   total 131072K, used 34160K [0x0000000081c00000, 0x0000000100000000)
  region size 1024K, 34 young (34816K), 3 survivors (3072K)
 Metaspace       used 21190K, committed 21504K, reserved 1114112K
  class space    used 2652K, committed 2816K, reserved 1048576K
}
Event: 2.134 GC heap after
{Heap after GC invocations=2 (full 0):
 garbage-first heap   total 131072K, used 6837K [0x0000000081c00000, 0x0000000100000000)
  region size 1024K, 4 young (4096K), 4 survivors (4096K)
 Metaspace       used 21190K, committed 21504K, reserved 1114112K
  class space    used 2652K, committed 2816K, reserved 1048576K
}
Event: 2.809 GC heap before
{Heap before GC invocations=3 (full 0):
 garbage-first heap   total 30720K, used 21173K [0x0000000081c00000, 0x0000000100000000)
  region size 1024K, 18 young (18432K), 4 survivors (4096K)
 Metaspace       used 23838K, committed 24128K, reserved 1114112K
  class space    used 3184K, committed 3328K, reserved 1048576K
}
Event: 2.819 GC heap after
{Heap after GC invocations=4 (full 0):
 garbage-first heap   total 30720K, used 9311K [0x0000000081c00000, 0x0000000100000000)
  region size 1024K, 3 young (3072K), 3 survivors (3072K)
 Metaspace       used 23838K, committed 24128K, reserved 1114112K
  class space    used 3184K, committed 3328K, reserved 1048576K
}
Event: 2.851 GC heap before
{Heap before GC invocations=4 (full 0):
 garbage-first heap   total 30720K, used 9311K [0x0000000081c00000, 0x0000000100000000)
  region size 1024K, 4 young (4096K), 3 survivors (3072K)
 Metaspace       used 24156K, committed 24448K, reserved 1114112K
  class space    used 3210K, committed 3328K, reserved 1048576K
}
Event: 2.855 GC heap after
{Heap after GC invocations=5 (full 0):
 garbage-first heap   total 30720K, used 9699K [0x0000000081c00000, 0x0000000100000000)
  region size 1024K, 1 young (1024K), 1 survivors (1024K)
 Metaspace       used 24156K, committed 24448K, reserved 1114112K
  class space    used 3210K, committed 3328K, reserved 1048576K
}
Event: 6.794 GC heap before
{Heap before GC invocations=5 (full 0):
 garbage-first heap   total 30720K, used 17891K [0x0000000081c00000, 0x0000000100000000)
  region size 1024K, 6 young (6144K), 1 survivors (1024K)
 Metaspace       used 25799K, committed 26112K, reserved 1114112K
  class space    used 3424K, committed 3584K, reserved 1048576K
}
Event: 6.796 GC heap after
{Heap after GC invocations=6 (full 0):
 garbage-first heap   total 30720K, used 14304K [0x0000000081c00000, 0x0000000100000000)
  region size 1024K, 1 young (1024K), 1 survivors (1024K)
 Metaspace       used 25799K, committed 26112K, reserved 1114112K
  class space    used 3424K, committed 3584K, reserved 1048576K
}
Event: 8.922 GC heap before
{Heap before GC invocations=6 (full 0):
 garbage-first heap   total 30720K, used 23520K [0x0000000081c00000, 0x0000000100000000)
  region size 1024K, 8 young (8192K), 1 survivors (1024K)
 Metaspace       used 26710K, committed 27072K, reserved 1114112K
  class space    used 3504K, committed 3648K, reserved 1048576K
}
Event: 8.927 GC heap after
{Heap after GC invocations=7 (full 0):
 garbage-first heap   total 30720K, used 14445K [0x0000000081c00000, 0x0000000100000000)
  region size 1024K, 1 young (1024K), 1 survivors (1024K)
 Metaspace       used 26710K, committed 27072K, reserved 1114112K
  class space    used 3504K, committed 3648K, reserved 1048576K
}
Event: 28.283 GC heap before
{Heap before GC invocations=7 (full 0):
 garbage-first heap   total 30720K, used 16493K [0x0000000081c00000, 0x0000000100000000)
  region size 1024K, 5 young (5120K), 1 survivors (1024K)
 Metaspace       used 27699K, committed 28096K, reserved 1114112K
  class space    used 3567K, committed 3776K, reserved 1048576K
}
Event: 28.286 GC heap after
{Heap after GC invocations=8 (full 0):
 garbage-first heap   total 30720K, used 15204K [0x0000000081c00000, 0x0000000100000000)
  region size 1024K, 1 young (1024K), 1 survivors (1024K)
 Metaspace       used 27699K, committed 28096K, reserved 1114112K
  class space    used 3567K, committed 3776K, reserved 1048576K
}
Event: 39.200 GC heap before
{Heap before GC invocations=9 (full 0):
 garbage-first heap   total 32768K, used 25444K [0x0000000081c00000, 0x0000000100000000)
  region size 1024K, 7 young (7168K), 1 survivors (1024K)
 Metaspace       used 27948K, committed 28352K, reserved 1114112K
  class space    used 3573K, committed 3776K, reserved 1048576K
}
Event: 39.204 GC heap after
{Heap after GC invocations=10 (full 0):
 garbage-first heap   total 32768K, used 17019K [0x0000000081c00000, 0x0000000100000000)
  region size 1024K, 1 young (1024K), 1 survivors (1024K)
 Metaspace       used 27948K, committed 28352K, reserved 1114112K
  class space    used 3573K, committed 3776K, reserved 1048576K
}
Event: 40.717 GC heap before
{Heap before GC invocations=10 (full 0):
 garbage-first heap   total 32768K, used 22139K [0x0000000081c00000, 0x0000000100000000)
  region size 1024K, 2 young (2048K), 1 survivors (1024K)
 Metaspace       used 27971K, committed 28352K, reserved 1114112K
  class space    used 3573K, committed 3776K, reserved 1048576K
}
Event: 40.721 GC heap after
{Heap after GC invocations=11 (full 0):
 garbage-first heap   total 32768K, used 17168K [0x0000000081c00000, 0x0000000100000000)
  region size 1024K, 1 young (1024K), 1 survivors (1024K)
 Metaspace       used 27971K, committed 28352K, reserved 1114112K
  class space    used 3573K, committed 3776K, reserved 1048576K
}
Event: 46.866 GC heap before
{Heap before GC invocations=11 (full 0):
 garbage-first heap   total 32768K, used 21264K [0x0000000081c00000, 0x0000000100000000)
  region size 1024K, 6 young (6144K), 1 survivors (1024K)
 Metaspace       used 28089K, committed 28480K, reserved 1114112K
  class space    used 3573K, committed 3776K, reserved 1048576K
}
Event: 46.869 GC heap after
{Heap after GC invocations=12 (full 0):
 garbage-first heap   total 32768K, used 18968K [0x0000000081c00000, 0x0000000100000000)
  region size 1024K, 1 young (1024K), 1 survivors (1024K)
 Metaspace       used 28089K, committed 28480K, reserved 1114112K
  class space    used 3573K, committed 3776K, reserved 1048576K
}

Dll operation events (20 events):
Event: 0.625 Loaded shared library C:\Program Files\JavaFX\javafx-sdk-20\bin\api-ms-win-crt-locale-l1-1-0.dll
Event: 0.627 Loaded shared library C:\Program Files\JavaFX\javafx-sdk-20\bin\api-ms-win-crt-math-l1-1-0.dll
Event: 0.628 Loaded shared library C:\Program Files\JavaFX\javafx-sdk-20\bin\api-ms-win-crt-multibyte-l1-1-0.dll
Event: 0.630 Loaded shared library C:\Program Files\JavaFX\javafx-sdk-20\bin\api-ms-win-crt-private-l1-1-0.dll
Event: 0.632 Loaded shared library C:\Program Files\JavaFX\javafx-sdk-20\bin\api-ms-win-crt-process-l1-1-0.dll
Event: 0.633 Loaded shared library C:\Program Files\JavaFX\javafx-sdk-20\bin\api-ms-win-crt-runtime-l1-1-0.dll
Event: 0.635 Loaded shared library C:\Program Files\JavaFX\javafx-sdk-20\bin\api-ms-win-crt-stdio-l1-1-0.dll
Event: 0.637 Loaded shared library C:\Program Files\JavaFX\javafx-sdk-20\bin\api-ms-win-crt-string-l1-1-0.dll
Event: 0.639 Loaded shared library C:\Program Files\JavaFX\javafx-sdk-20\bin\api-ms-win-crt-time-l1-1-0.dll
Event: 0.640 Loaded shared library C:\Program Files\JavaFX\javafx-sdk-20\bin\api-ms-win-crt-utility-l1-1-0.dll
Event: 0.642 Loaded shared library C:\Program Files\JavaFX\javafx-sdk-20\bin\ucrtbase.dll
Event: 0.644 Loaded shared library C:\Program Files\JavaFX\javafx-sdk-20\bin\vcruntime140.dll
Event: 0.645 Loaded shared library C:\Program Files\JavaFX\javafx-sdk-20\bin\vcruntime140_1.dll
Event: 0.647 Loaded shared library C:\Program Files\JavaFX\javafx-sdk-20\bin\msvcp140.dll
Event: 0.649 Loaded shared library C:\Program Files\JavaFX\javafx-sdk-20\bin\msvcp140_1.dll
Event: 0.651 Loaded shared library C:\Program Files\JavaFX\javafx-sdk-20\bin\msvcp140_2.dll
Event: 0.704 Loaded shared library C:\Program Files\JavaFX\javafx-sdk-20\bin\prism_d3d.dll
Event: 0.804 Loaded shared library C:\Program Files\JavaFX\javafx-sdk-20\bin\glass.dll
Event: 1.026 Loaded shared library C:\Users\quang\.p2\pool\plugins\org.eclipse.justj.openjdk.hotspot.jre.full.win32.x86_64_19.0.2.v20230129-1123\jre\bin\jimage.dll
Event: 1.215 Loaded shared library C:\Program Files\JavaFX\javafx-sdk-20\bin\javafx_font.dll

Deoptimization events (20 events):
Event: 44.333 Thread 0x000001ced64e2bd0 DEOPT PACKING pc=0x000001cebae9162a sp=0x0000001c45efcf70
Event: 44.333 Thread 0x000001ced64e2bd0 DEOPT UNPACKING pc=0x000001cec1fa7543 sp=0x0000001c45efc3d8 mode 0
Event: 46.881 Thread 0x000001ced64140b0 Uncommon trap: trap_request=0xffffffbe fr.pc=0x000001cec26b6b2c relative=0x0000000000003b8c
Event: 46.881 Thread 0x000001ced64140b0 Uncommon trap: reason=profile_predicate action=maybe_recompile pc=0x000001cec26b6b2c method=javafx.scene.CssStyleHelper$CacheContainer.<init>(Ljavafx/scene/Node;Lcom/sun/javafx/css/StyleMap;I)V @ 164 c2
Event: 46.881 Thread 0x000001ced64140b0 DEOPT PACKING pc=0x000001cec26b6b2c sp=0x0000001c462fc1b0
Event: 46.881 Thread 0x000001ced64140b0 DEOPT UNPACKING pc=0x000001cec1fa6da3 sp=0x0000001c462fc0e0 mode 2
Event: 46.881 Thread 0x000001ced64140b0 Uncommon trap: trap_request=0xffffffbe fr.pc=0x000001cec26b6b2c relative=0x0000000000003b8c
Event: 46.881 Thread 0x000001ced64140b0 Uncommon trap: reason=profile_predicate action=maybe_recompile pc=0x000001cec26b6b2c method=javafx.scene.CssStyleHelper$CacheContainer.<init>(Ljavafx/scene/Node;Lcom/sun/javafx/css/StyleMap;I)V @ 164 c2
Event: 46.881 Thread 0x000001ced64140b0 DEOPT PACKING pc=0x000001cec26b6b2c sp=0x0000001c462fc130
Event: 46.881 Thread 0x000001ced64140b0 DEOPT UNPACKING pc=0x000001cec1fa6da3 sp=0x0000001c462fc060 mode 2
Event: 46.884 Thread 0x000001ced64140b0 Uncommon trap: trap_request=0xffffffbe fr.pc=0x000001cec26b6b2c relative=0x0000000000003b8c
Event: 46.885 Thread 0x000001ced64140b0 Uncommon trap: reason=profile_predicate action=maybe_recompile pc=0x000001cec26b6b2c method=javafx.scene.CssStyleHelper$CacheContainer.<init>(Ljavafx/scene/Node;Lcom/sun/javafx/css/StyleMap;I)V @ 164 c2
Event: 46.885 Thread 0x000001ced64140b0 DEOPT PACKING pc=0x000001cec26b6b2c sp=0x0000001c462fc040
Event: 46.885 Thread 0x000001ced64140b0 DEOPT UNPACKING pc=0x000001cec1fa6da3 sp=0x0000001c462fbf70 mode 2
Event: 46.885 Thread 0x000001ced64140b0 Uncommon trap: trap_request=0xffffffbe fr.pc=0x000001cec26b6b2c relative=0x0000000000003b8c
Event: 46.885 Thread 0x000001ced64140b0 Uncommon trap: reason=profile_predicate action=maybe_recompile pc=0x000001cec26b6b2c method=javafx.scene.CssStyleHelper$CacheContainer.<init>(Ljavafx/scene/Node;Lcom/sun/javafx/css/StyleMap;I)V @ 164 c2
Event: 46.885 Thread 0x000001ced64140b0 DEOPT PACKING pc=0x000001cec26b6b2c sp=0x0000001c462fb390
Event: 46.886 Thread 0x000001ced64140b0 DEOPT UNPACKING pc=0x000001cec1fa6da3 sp=0x0000001c462fb2c0 mode 2
Event: 46.888 Thread 0x000001ced64140b0 DEOPT PACKING pc=0x000001cebafd0cfd sp=0x0000001c462fbf20
Event: 46.888 Thread 0x000001ced64140b0 DEOPT UNPACKING pc=0x000001cec1fa7543 sp=0x0000001c462fb380 mode 0

Classes loaded (20 events):
Event: 13.933 Loading class java/io/ObjectInputStream$HandleTable$HandleList
Event: 13.933 Loading class java/io/ObjectInputStream$HandleTable$HandleList done
Event: 13.933 Loading class java/io/ObjectInputStream$ValidationList
Event: 13.933 Loading class java/io/ObjectInputStream$ValidationList done
Event: 13.933 Loading class java/io/ObjectInputFilter$Config
Event: 13.934 Loading class java/io/ObjectInputFilter$Config done
Event: 13.934 Loading class java/io/ObjectInputFilter
Event: 13.934 Loading class java/io/ObjectInputFilter done
Event: 13.935 Loading class java/io/ObjectInputFilter$Config$BuiltinFilterFactory
Event: 13.935 Loading class java/io/ObjectInputFilter$Config$BuiltinFilterFactory done
Event: 13.935 Loading class jdk/internal/access/JavaObjectInputFilterAccess
Event: 13.935 Loading class jdk/internal/access/JavaObjectInputFilterAccess done
Event: 13.936 Loading class jdk/internal/event/DeserializationEvent
Event: 13.936 Loading class jdk/internal/event/Event
Event: 13.936 Loading class jdk/internal/event/Event done
Event: 13.936 Loading class jdk/internal/event/DeserializationEvent done
Event: 13.937 Loading class java/io/ObjectInputStream$FieldValues
Event: 13.937 Loading class java/io/ObjectInputStream$GetField
Event: 13.937 Loading class java/io/ObjectInputStream$GetField done
Event: 13.937 Loading class java/io/ObjectInputStream$FieldValues done

Classes unloaded (0 events):
No events

Classes redefined (0 events):
No events

Internal exceptions (20 events):
Event: 1.947 Thread 0x000001ced64140b0 Exception <a 'java/lang/ClassNotFoundException'{0x0000000087f12f50}: com/sun/javafx/scene/control/skin/resources/controls> (0x0000000087f12f50) 
thrown [s\src\hotspot\share\prims\jni.cpp, line 536]
Event: 1.950 Thread 0x000001ced64140b0 Exception <a 'java/lang/ClassNotFoundException'{0x0000000087f20d28}: com/sun/javafx/scene/control/skin/resources/controls_en> (0x0000000087f20d28) 
thrown [s\src\hotspot\share\prims\jni.cpp, line 536]
Event: 1.950 Thread 0x000001ced64140b0 Exception <a 'java/lang/ClassNotFoundException'{0x0000000087f21cd0}: com/sun/javafx/scene/control/skin/resources/controls_en_US> (0x0000000087f21cd0) 
thrown [s\src\hotspot\share\prims\jni.cpp, line 536]
Event: 2.154 Thread 0x000001ced64140b0 Implicit null exception at 0x000001cec25762e9 to 0x000001cec2576350
Event: 2.269 Thread 0x000001ced64140b0 Exception <a 'java/lang/NoSuchMethodError'{0x00000000831281e0}: 'void java.lang.invoke.DirectMethodHandle$Holder.invokeSpecial(java.lang.Object, java.lang.Object, java.lang.Object, java.lang.Object, java.lang.Object, java.lang.Object)'> (0x00000000831281e0) 
thrown [s\src\hotspot\share\interpreter\linkResolver.cpp, line 774]
Event: 2.509 Thread 0x000001ced64140b0 Exception <a 'java/lang/NoSuchMethodError'{0x0000000082cc9568}: 'int java.lang.invoke.DirectMethodHandle$Holder.invokeSpecial(java.lang.Object, java.lang.Object, int)'> (0x0000000082cc9568) 
thrown [s\src\hotspot\share\interpreter\linkResolver.cpp, line 774]
Event: 2.601 Thread 0x000001ced64140b0 Exception <a 'java/lang/NoSuchMethodError'{0x0000000082bf6db0}: 'java.lang.Object java.lang.invoke.DirectMethodHandle$Holder.newInvokeSpecial(java.lang.Object, java.lang.Object, int)'> (0x0000000082bf6db0) 
thrown [s\src\hotspot\share\interpreter\linkResolver.cpp, line 774]
Event: 3.926 Thread 0x000001ced64140b0 Exception <a 'java/lang/NoSuchMethodError'{0x0000000087702de0}: 'long java.lang.invoke.DirectMethodHandle$Holder.invokeStatic(java.lang.Object, java.lang.Object, java.lang.Object)'> (0x0000000087702de0) 
thrown [s\src\hotspot\share\interpreter\linkResolver.cpp, line 774]
Event: 3.926 Thread 0x000001ced64140b0 Exception <a 'java/lang/NoSuchMethodError'{0x0000000087706458}: 'long java.lang.invoke.DirectMethodHandle$Holder.invokeStaticInit(java.lang.Object, java.lang.Object, java.lang.Object)'> (0x0000000087706458) 
thrown [s\src\hotspot\share\interpreter\linkResolver.cpp, line 774]
Event: 3.930 Thread 0x000001ced64140b0 Exception <a 'java/lang/NoSuchMethodError'{0x000000008771ed90}: 'java.lang.Object java.lang.invoke.DirectMethodHandle$Holder.newInvokeSpecial(java.lang.Object, java.lang.Object, long)'> (0x000000008771ed90) 
thrown [s\src\hotspot\share\interpreter\linkResolver.cpp, line 774]
Event: 3.930 Thread 0x000001ced64140b0 Exception <a 'java/lang/NoSuchMethodError'{0x0000000087722918}: 'java.lang.Object java.lang.invoke.Invokers$Holder.linkToTargetMethod(java.lang.Object, long, java.lang.Object)'> (0x0000000087722918) 
thrown [s\src\hotspot\share\interpreter\linkResolver.cpp, line 774]
Event: 8.684 Thread 0x000001ced64140b0 Exception <a 'java/lang/NoSuchMethodError'{0x0000000087917f10}: 'int java.lang.invoke.DirectMethodHandle$Holder.invokeVirtual(java.lang.Object, java.lang.Object)'> (0x0000000087917f10) 
thrown [s\src\hotspot\share\interpreter\linkResolver.cpp, line 774]
Event: 8.689 Thread 0x000001ced64140b0 Exception <a 'java/lang/NoSuchMethodError'{0x0000000087956698}: 'double java.lang.invoke.DirectMethodHandle$Holder.invokeVirtual(java.lang.Object, java.lang.Object)'> (0x0000000087956698) 
thrown [s\src\hotspot\share\interpreter\linkResolver.cpp, line 774]
Event: 8.690 Thread 0x000001ced64140b0 Exception <a 'java/lang/NoSuchMethodError'{0x000000008795a5e8}: 'double java.lang.invoke.DelegatingMethodHandle$Holder.reinvoke_L(java.lang.Object, java.lang.Object)'> (0x000000008795a5e8) 
thrown [s\src\hotspot\share\interpreter\linkResolver.cpp, line 774]
Event: 8.918 Thread 0x000001ced64e2bd0 Exception <a 'java/lang/NoSuchMethodError'{0x00000000832dc200}: 'java.lang.Object java.lang.invoke.DirectMethodHandle$Holder.invokeStaticInit(java.lang.Object, int)'> (0x00000000832dc200) 
thrown [s\src\hotspot\share\interpreter\linkResolver.cpp, line 774]
Event: 12.349 Thread 0x000001ced64140b0 Exception <a 'java/lang/NoSuchMethodError'{0x0000000087908738}: 'long java.lang.invoke.DirectMethodHandle$Holder.invokeSpecial(java.lang.Object, java.lang.Object)'> (0x0000000087908738) 
thrown [s\src\hotspot\share\interpreter\linkResolver.cpp, line 774]
Event: 12.350 Thread 0x000001ced64140b0 Exception <a 'java/lang/NoSuchMethodError'{0x000000008790c090}: 'long java.lang.invoke.Invokers$Holder.invokeExact_MT(java.lang.Object, java.lang.Object)'> (0x000000008790c090) 
thrown [s\src\hotspot\share\interpreter\linkResolver.cpp, line 774]
Event: 29.305 Thread 0x000001ced64140b0 Exception <a 'java/lang/NoSuchMethodError'{0x0000000089b9b198}: 'java.lang.Object java.lang.invoke.DirectMethodHandle$Holder.newInvokeSpecial(java.lang.Object, java.lang.Object, int, int, int, int, int, java.lang.Object)'> (0x0000000089b9b198) 
thrown [s\src\hotspot\share\interpreter\linkResolver.cpp, line 774]
Event: 29.307 Thread 0x000001ced64140b0 Exception <a 'java/lang/NoSuchMethodError'{0x0000000089bb3808}: 'java.lang.Object java.lang.invoke.DirectMethodHandle$Holder.newInvokeSpecial(java.lang.Object, java.lang.Object, java.lang.Object, int, int, int, int, int)'> (0x0000000089bb3808) 
thrown [s\src\hotspot\share\interpreter\linkResolver.cpp, line 774]
Event: 29.308 Thread 0x000001ced64140b0 Exception <a 'java/lang/NoSuchMethodError'{0x0000000089bbb888}: 'java.lang.Object java.lang.invoke.Invokers$Holder.linkToTargetMethod(java.lang.Object, java.lang.Object, int, int, int, int, int, java.lang.Object)'> (0x0000000089bbb888) 
thrown [s\src\hotspot\share\interpreter\linkResolver.cpp, line 774]

VM Operations (20 events):
Event: 40.204 Executing VM operation: Cleanup
Event: 40.205 Executing VM operation: Cleanup done
Event: 40.717 Executing VM operation: G1CollectForAllocation
Event: 40.721 Executing VM operation: G1CollectForAllocation done
Event: 40.903 Executing VM operation: HandshakeAllThreads
Event: 40.903 Executing VM operation: HandshakeAllThreads done
Event: 41.903 Executing VM operation: Cleanup
Event: 41.903 Executing VM operation: Cleanup done
Event: 43.903 Executing VM operation: Cleanup
Event: 43.903 Executing VM operation: Cleanup done
Event: 44.903 Executing VM operation: Cleanup
Event: 44.904 Executing VM operation: Cleanup done
Event: 45.904 Executing VM operation: Cleanup
Event: 45.904 Executing VM operation: Cleanup done
Event: 46.865 Executing VM operation: G1TryInitiateConcMark
Event: 46.869 Executing VM operation: G1TryInitiateConcMark done
Event: 46.888 Executing VM operation: G1PauseRemark
Event: 46.892 Executing VM operation: G1PauseRemark done
Event: 46.905 Executing VM operation: G1PauseCleanup
Event: 46.905 Executing VM operation: G1PauseCleanup done

Events (20 events):
Event: 2.826 Thread 0x000001ced6413610 Thread added: 0x000001ced6413610
Event: 3.172 Thread 0x000001ced6c37b50 Thread exited: 0x000001ced6c37b50
Event: 3.173 Thread 0x000001ced6c38c00 Thread exited: 0x000001ced6c38c00
Event: 3.933 Thread 0x000001ced6fd0020 Thread added: 0x000001ced6fd0020
Event: 4.155 Thread 0x000001ced6fd0020 Thread exited: 0x000001ced6fd0020
Event: 6.674 Thread 0x000001ced6fcfa90 Thread added: 0x000001ced6fcfa90
Event: 6.768 Thread 0x000001ced6fd0020 Thread added: 0x000001ced6fd0020
Event: 7.052 Thread 0x000001ced6fd0020 Thread exited: 0x000001ced6fd0020
Event: 7.052 Thread 0x000001ced6fcfa90 Thread exited: 0x000001ced6fcfa90
Event: 8.740 Thread 0x000001cedef5f0f0 Thread added: 0x000001cedef5f0f0
Event: 8.745 Thread 0x000001cedef5dab0 Thread added: 0x000001cedef5dab0
Event: 9.084 Thread 0x000001cedef5dab0 Thread exited: 0x000001cedef5dab0
Event: 9.100 Thread 0x000001cedef5f0f0 Thread exited: 0x000001cedef5f0f0
Event: 28.352 Thread 0x000001cedef5ca00 Thread added: 0x000001cedef5ca00
Event: 28.683 Thread 0x000001cedef5ca00 Thread exited: 0x000001cedef5ca00
Event: 29.455 Thread 0x000001cedef5f0f0 Thread added: 0x000001cedef5f0f0
Event: 30.806 Thread 0x000001cedef5f0f0 Thread exited: 0x000001cedef5f0f0
Event: 40.760 Thread 0x000001cedef5e5d0 Thread added: 0x000001cedef5e5d0
Event: 41.245 Thread 0x000001cedef5e5d0 Thread exited: 0x000001cedef5e5d0
Event: 46.917 Thread 0x000001cedef5f0f0 Thread added: 0x000001cedef5f0f0


Dynamic libraries:
0x00007ff750f20000 - 0x00007ff750f2e000 	C:\Users\quang\.p2\pool\plugins\org.eclipse.justj.openjdk.hotspot.jre.full.win32.x86_64_19.0.2.v20230129-1123\jre\bin\javaw.exe
0x00007ff966bf0000 - 0x00007ff966de8000 	C:\Windows\SYSTEM32\ntdll.dll
0x00007ff966a60000 - 0x00007ff966b1f000 	C:\Windows\System32\KERNEL32.DLL
0x00007ff964450000 - 0x00007ff964722000 	C:\Windows\System32\KERNELBASE.dll
0x00007ff964730000 - 0x00007ff964830000 	C:\Windows\System32\ucrtbase.dll
0x00007ff95f100000 - 0x00007ff95f119000 	C:\Users\quang\.p2\pool\plugins\org.eclipse.justj.openjdk.hotspot.jre.full.win32.x86_64_19.0.2.v20230129-1123\jre\bin\VCRUNTIME140.dll
0x00007ff95f0e0000 - 0x00007ff95f0f7000 	C:\Users\quang\.p2\pool\plugins\org.eclipse.justj.openjdk.hotspot.jre.full.win32.x86_64_19.0.2.v20230129-1123\jre\bin\jli.dll
0x00007ff965550000 - 0x00007ff9656f1000 	C:\Windows\System32\USER32.dll
0x00007ff964830000 - 0x00007ff964852000 	C:\Windows\System32\win32u.dll
0x00007ff9582c0000 - 0x00007ff95855a000 	C:\Windows\WinSxS\amd64_microsoft.windows.common-controls_6595b64144ccf1df_6.0.19041.1110_none_60b5254171f9507e\COMCTL32.dll
0x00007ff965520000 - 0x00007ff96554b000 	C:\Windows\System32\GDI32.dll
0x00007ff965700000 - 0x00007ff96579e000 	C:\Windows\System32\msvcrt.dll
0x00007ff964860000 - 0x00007ff96496f000 	C:\Windows\System32\gdi32full.dll
0x00007ff9649c0000 - 0x00007ff964a5d000 	C:\Windows\System32\msvcp_win.dll
0x00007ff966b20000 - 0x00007ff966b50000 	C:\Windows\System32\IMM32.DLL
0x00007ff962b80000 - 0x00007ff962bb0000 	C:\Windows\system32\DriverStore\FileRepository\nvdmwi.inf_amd64_4e1f34e1ce3cb131\nvinitx.dll
0x00007ff965250000 - 0x00007ff9652fe000 	C:\Windows\System32\ADVAPI32.dll
0x00007ff965860000 - 0x00007ff9658fc000 	C:\Windows\System32\sechost.dll
0x00007ff962b70000 - 0x00007ff962b7a000 	C:\Windows\SYSTEM32\VERSION.dll
0x00007ff964cb0000 - 0x00007ff964dd4000 	C:\Windows\System32\RPCRT4.dll
0x00007ff9659a0000 - 0x00007ff9660e5000 	C:\Windows\System32\Shell32.dll
0x00007ff962280000 - 0x00007ff962a12000 	C:\Windows\SYSTEM32\windows.storage.dll
0x00007ff9660f0000 - 0x00007ff966445000 	C:\Windows\System32\combase.dll
0x00007ff963d50000 - 0x00007ff963d80000 	C:\Windows\SYSTEM32\Wldp.dll
0x00007ff9657b0000 - 0x00007ff96585d000 	C:\Windows\System32\SHCORE.dll
0x00007ff964c50000 - 0x00007ff964ca5000 	C:\Windows\System32\shlwapi.dll
0x00000000745e0000 - 0x00000000745e6000 	C:\Program Files\NVIDIA Corporation\CoProcManager\_etoured.dll
0x00007ff95f520000 - 0x00007ff95f55b000 	C:\Program Files\NVIDIA Corporation\CoProcManager\nvd3d9wrapx.dll
0x00007ff964de0000 - 0x00007ff965248000 	C:\Windows\System32\SETUPAPI.dll
0x00007ff964970000 - 0x00007ff9649be000 	C:\Windows\System32\cfgmgr32.dll
0x00007ff964b60000 - 0x00007ff964b87000 	C:\Windows\System32\bcrypt.dll
0x00007ff95f9f0000 - 0x00007ff95fa14000 	C:\Program Files\NVIDIA Corporation\CoProcManager\nvdxgiwrapx.dll
0x00007ff960ee0000 - 0x00007ff960eec000 	C:\Users\quang\.p2\pool\plugins\org.eclipse.justj.openjdk.hotspot.jre.full.win32.x86_64_19.0.2.v20230129-1123\jre\bin\vcruntime140_1.dll
0x00007ff950900000 - 0x00007ff950991000 	C:\Users\quang\.p2\pool\plugins\org.eclipse.justj.openjdk.hotspot.jre.full.win32.x86_64_19.0.2.v20230129-1123\jre\bin\msvcp140.dll
0x00007ff8e58f0000 - 0x00007ff8e65e1000 	C:\Users\quang\.p2\pool\plugins\org.eclipse.justj.openjdk.hotspot.jre.full.win32.x86_64_19.0.2.v20230129-1123\jre\bin\server\jvm.dll
0x00007ff95afd0000 - 0x00007ff95aff7000 	C:\Windows\SYSTEM32\WINMM.dll
0x00007ff960e60000 - 0x00007ff960e69000 	C:\Windows\SYSTEM32\WSOCK32.dll
0x00007ff965900000 - 0x00007ff96596b000 	C:\Windows\System32\WS2_32.dll
0x00007ff962b30000 - 0x00007ff962b42000 	C:\Windows\SYSTEM32\kernel.appcore.dll
0x00007ff95ed40000 - 0x00007ff95ed4a000 	C:\Users\quang\.p2\pool\plugins\org.eclipse.justj.openjdk.hotspot.jre.full.win32.x86_64_19.0.2.v20230129-1123\jre\bin\jimage.dll
0x00007ff953970000 - 0x00007ff953b54000 	C:\Windows\SYSTEM32\DBGHELP.DLL
0x00007ff952c90000 - 0x00007ff952cc5000 	C:\Windows\SYSTEM32\dbgcore.DLL
0x00007ff964ad0000 - 0x00007ff964b52000 	C:\Windows\System32\bcryptPrimitives.dll
0x00007ff949210000 - 0x00007ff949236000 	C:\Users\quang\.p2\pool\plugins\org.eclipse.justj.openjdk.hotspot.jre.full.win32.x86_64_19.0.2.v20230129-1123\jre\bin\java.dll
0x00007ff953fd0000 - 0x00007ff953fe8000 	C:\Users\quang\.p2\pool\plugins\org.eclipse.justj.openjdk.hotspot.jre.full.win32.x86_64_19.0.2.v20230129-1123\jre\bin\zip.dll
0x00007ff964230000 - 0x00007ff96424f000 	C:\Windows\SYSTEM32\profapi.dll
0x00007ff9491a0000 - 0x00007ff9491b3000 	C:\Users\quang\.p2\pool\plugins\org.eclipse.justj.openjdk.hotspot.jre.full.win32.x86_64_19.0.2.v20230129-1123\jre\bin\net.dll
0x00007ff95eac0000 - 0x00007ff95ebca000 	C:\Windows\SYSTEM32\WINHTTP.dll
0x00007ff963ab0000 - 0x00007ff963b1a000 	C:\Windows\system32\mswsock.dll
0x00007ff948c80000 - 0x00007ff948c96000 	C:\Users\quang\.p2\pool\plugins\org.eclipse.justj.openjdk.hotspot.jre.full.win32.x86_64_19.0.2.v20230129-1123\jre\bin\nio.dll
0x000001ceb4d50000 - 0x000001ceb4d53000 	C:\Program Files\JavaFX\javafx-sdk-20\bin\api-ms-win-core-console-l1-1-0.dll
0x000001ceb4d60000 - 0x000001ceb4d63000 	C:\Program Files\JavaFX\javafx-sdk-20\bin\api-ms-win-core-console-l1-2-0.dll
0x000001ceb4d70000 - 0x000001ceb4d73000 	C:\Program Files\JavaFX\javafx-sdk-20\bin\api-ms-win-core-datetime-l1-1-0.dll
0x000001ceb4d80000 - 0x000001ceb4d83000 	C:\Program Files\JavaFX\javafx-sdk-20\bin\api-ms-win-core-debug-l1-1-0.dll
0x000001ceb4d90000 - 0x000001ceb4d93000 	C:\Program Files\JavaFX\javafx-sdk-20\bin\api-ms-win-core-errorhandling-l1-1-0.dll
0x000001ceb4da0000 - 0x000001ceb4da4000 	C:\Program Files\JavaFX\javafx-sdk-20\bin\api-ms-win-core-file-l1-1-0.dll
0x000001ceb4db0000 - 0x000001ceb4db3000 	C:\Program Files\JavaFX\javafx-sdk-20\bin\api-ms-win-core-file-l1-2-0.dll
0x000001ceb4dc0000 - 0x000001ceb4dc3000 	C:\Program Files\JavaFX\javafx-sdk-20\bin\api-ms-win-core-file-l2-1-0.dll
0x000001ceb7080000 - 0x000001ceb7083000 	C:\Program Files\JavaFX\javafx-sdk-20\bin\api-ms-win-core-handle-l1-1-0.dll
0x000001ceb7090000 - 0x000001ceb7093000 	C:\Program Files\JavaFX\javafx-sdk-20\bin\api-ms-win-core-heap-l1-1-0.dll
0x000001ceb70a0000 - 0x000001ceb70a3000 	C:\Program Files\JavaFX\javafx-sdk-20\bin\api-ms-win-core-interlocked-l1-1-0.dll
0x000001ceb70b0000 - 0x000001ceb70b3000 	C:\Program Files\JavaFX\javafx-sdk-20\bin\api-ms-win-core-libraryloader-l1-1-0.dll
0x000001ced1310000 - 0x000001ced1313000 	C:\Program Files\JavaFX\javafx-sdk-20\bin\api-ms-win-core-localization-l1-2-0.dll
0x000001ced1320000 - 0x000001ced1323000 	C:\Program Files\JavaFX\javafx-sdk-20\bin\api-ms-win-core-memory-l1-1-0.dll
0x000001ced1330000 - 0x000001ced1333000 	C:\Program Files\JavaFX\javafx-sdk-20\bin\api-ms-win-core-namedpipe-l1-1-0.dll
0x000001ced1340000 - 0x000001ced1343000 	C:\Program Files\JavaFX\javafx-sdk-20\bin\api-ms-win-core-processenvironment-l1-1-0.dll
0x000001ced1350000 - 0x000001ced1353000 	C:\Program Files\JavaFX\javafx-sdk-20\bin\api-ms-win-core-processthreads-l1-1-0.dll
0x000001ced1360000 - 0x000001ced1363000 	C:\Program Files\JavaFX\javafx-sdk-20\bin\api-ms-win-core-processthreads-l1-1-1.dll
0x000001ced1370000 - 0x000001ced1373000 	C:\Program Files\JavaFX\javafx-sdk-20\bin\api-ms-win-core-profile-l1-1-0.dll
0x000001ced1380000 - 0x000001ced1383000 	C:\Program Files\JavaFX\javafx-sdk-20\bin\api-ms-win-core-rtlsupport-l1-1-0.dll
0x000001ced1390000 - 0x000001ced1393000 	C:\Program Files\JavaFX\javafx-sdk-20\bin\api-ms-win-core-string-l1-1-0.dll
0x000001ced13a0000 - 0x000001ced13a3000 	C:\Program Files\JavaFX\javafx-sdk-20\bin\api-ms-win-core-synch-l1-1-0.dll
0x000001ced13b0000 - 0x000001ced13b3000 	C:\Program Files\JavaFX\javafx-sdk-20\bin\api-ms-win-core-synch-l1-2-0.dll
0x000001ced13c0000 - 0x000001ced13c3000 	C:\Program Files\JavaFX\javafx-sdk-20\bin\api-ms-win-core-sysinfo-l1-1-0.dll
0x000001ced13d0000 - 0x000001ced13d3000 	C:\Program Files\JavaFX\javafx-sdk-20\bin\api-ms-win-core-timezone-l1-1-0.dll
0x000001ced13e0000 - 0x000001ced13e3000 	C:\Program Files\JavaFX\javafx-sdk-20\bin\api-ms-win-core-util-l1-1-0.dll
0x000001ced13f0000 - 0x000001ced13f3000 	C:\Program Files\JavaFX\javafx-sdk-20\bin\api-ms-win-crt-conio-l1-1-0.dll
0x000001ced70d0000 - 0x000001ced70d4000 	C:\Program Files\JavaFX\javafx-sdk-20\bin\api-ms-win-crt-convert-l1-1-0.dll
0x000001ced70e0000 - 0x000001ced70e3000 	C:\Program Files\JavaFX\javafx-sdk-20\bin\api-ms-win-crt-environment-l1-1-0.dll
0x000001ced70f0000 - 0x000001ced70f3000 	C:\Program Files\JavaFX\javafx-sdk-20\bin\api-ms-win-crt-filesystem-l1-1-0.dll
0x000001ced7100000 - 0x000001ced7103000 	C:\Program Files\JavaFX\javafx-sdk-20\bin\api-ms-win-crt-heap-l1-1-0.dll
0x000001ced7110000 - 0x000001ced7113000 	C:\Program Files\JavaFX\javafx-sdk-20\bin\api-ms-win-crt-locale-l1-1-0.dll
0x000001ced7120000 - 0x000001ced7125000 	C:\Program Files\JavaFX\javafx-sdk-20\bin\api-ms-win-crt-math-l1-1-0.dll
0x000001ced7130000 - 0x000001ced7135000 	C:\Program Files\JavaFX\javafx-sdk-20\bin\api-ms-win-crt-multibyte-l1-1-0.dll
0x000001ced7140000 - 0x000001ced7150000 	C:\Program Files\JavaFX\javafx-sdk-20\bin\api-ms-win-crt-private-l1-1-0.dll
0x000001ced7150000 - 0x000001ced7153000 	C:\Program Files\JavaFX\javafx-sdk-20\bin\api-ms-win-crt-process-l1-1-0.dll
0x000001ced7160000 - 0x000001ced7164000 	C:\Program Files\JavaFX\javafx-sdk-20\bin\api-ms-win-crt-runtime-l1-1-0.dll
0x000001ced7170000 - 0x000001ced7174000 	C:\Program Files\JavaFX\javafx-sdk-20\bin\api-ms-win-crt-stdio-l1-1-0.dll
0x000001ced7180000 - 0x000001ced7184000 	C:\Program Files\JavaFX\javafx-sdk-20\bin\api-ms-win-crt-string-l1-1-0.dll
0x000001ced7190000 - 0x000001ced7193000 	C:\Program Files\JavaFX\javafx-sdk-20\bin\api-ms-win-crt-time-l1-1-0.dll
0x000001ced71a0000 - 0x000001ced71a3000 	C:\Program Files\JavaFX\javafx-sdk-20\bin\api-ms-win-crt-utility-l1-1-0.dll
0x00007ff936120000 - 0x00007ff93621c000 	C:\Program Files\JavaFX\javafx-sdk-20\bin\ucrtbase.dll
0x00007ff940e00000 - 0x00007ff940e1b000 	C:\Program Files\JavaFX\javafx-sdk-20\bin\vcruntime140.dll
0x00007ff944110000 - 0x00007ff94411c000 	C:\Program Files\JavaFX\javafx-sdk-20\bin\vcruntime140_1.dll
0x00007ff928150000 - 0x00007ff9281de000 	C:\Program Files\JavaFX\javafx-sdk-20\bin\msvcp140.dll
0x00007ff943510000 - 0x00007ff943519000 	C:\Program Files\JavaFX\javafx-sdk-20\bin\msvcp140_1.dll
0x00007ff936470000 - 0x00007ff9364a0000 	C:\Program Files\JavaFX\javafx-sdk-20\bin\msvcp140_2.dll
0x00007ff936440000 - 0x00007ff93646f000 	C:\Program Files\JavaFX\javafx-sdk-20\bin\prism_d3d.dll
0x00007ff936d80000 - 0x00007ff936f4e000 	C:\Windows\system32\d3d9.dll
0x00007ff961ec0000 - 0x00007ff961eef000 	C:\Windows\SYSTEM32\dwmapi.dll
0x00007ff9640a0000 - 0x00007ff9640cc000 	C:\Windows\SYSTEM32\DEVOBJ.dll
0x00007ff964a60000 - 0x00007ff964ac9000 	C:\Windows\System32\WINTRUST.dll
0x000001ced71c0000 - 0x000001ced7316000 	C:\Windows\System32\CRYPT32.dll
0x00007ff963ee0000 - 0x00007ff963ef2000 	C:\Windows\SYSTEM32\MSASN1.dll
0x00007ff961b30000 - 0x00007ff961bce000 	C:\Windows\system32\uxtheme.dll
0x00007ff959570000 - 0x00007ff959606000 	C:\Windows\SYSTEM32\DriverStore\FileRepository\nvdmwi.inf_amd64_4e1f34e1ce3cb131\nvumdshimx.dll
0x00007ff8d9a90000 - 0x00007ff8dab4f000 	C:\Windows\System32\DriverStore\FileRepository\nvdmwi.inf_amd64_4e1f34e1ce3cb131\nvd3dumx.dll
0x00007ff8ea590000 - 0x00007ff8eb1b0000 	C:\Windows\system32\igdumd64.dll
0x00007ff928100000 - 0x00007ff928142000 	C:\Program Files\JavaFX\javafx-sdk-20\bin\glass.dll
0x00007ff966770000 - 0x00007ff96684a000 	C:\Windows\System32\COMDLG32.dll
0x00007ff966450000 - 0x00007ff96657a000 	C:\Windows\System32\ole32.dll
0x00007ff9666a0000 - 0x00007ff96676d000 	C:\Windows\System32\OLEAUT32.dll
0x00007ff966580000 - 0x00007ff966694000 	C:\Windows\System32\MSCTF.dll
0x00007ff963870000 - 0x00007ff9638bb000 	C:\Windows\system32\powrprof.dll
0x00007ff963730000 - 0x00007ff963742000 	C:\Windows\SYSTEM32\UMPDC.dll
0x00007ff959880000 - 0x00007ff9598bb000 	C:\Windows\SYSTEM32\dxcore.dll
0x00007ff935e40000 - 0x00007ff935e54000 	C:\Program Files\JavaFX\javafx-sdk-20\bin\javafx_font.dll
0x00007ff945cf0000 - 0x00007ff945f6f000 	C:\Windows\SYSTEM32\dwrite.dll
0x00007ff9653e0000 - 0x00007ff965489000 	C:\Windows\System32\clbcatq.dll
0x00007ff95b8a0000 - 0x00007ff95ba54000 	C:\Windows\SYSTEM32\WindowsCodecs.dll
0x00007ff949150000 - 0x00007ff94918e000 	C:\Windows\system32\dataexchange.dll
0x00007ff95fe40000 - 0x00007ff9600a3000 	C:\Windows\system32\d3d11.dll
0x00007ff960ef0000 - 0x00007ff9610d3000 	C:\Windows\system32\dcomp.dll
0x00007ff962bb0000 - 0x00007ff962ca3000 	C:\Windows\system32\dxgi.dll
0x00007ff95cd30000 - 0x00007ff95cf30000 	C:\Windows\system32\twinapi.appcore.dll
0x00007ff9364a0000 - 0x00007ff9364d4000 	C:\Program Files\Common Files\Microsoft Shared\Ink\rtscom.dll
0x00007ff950b90000 - 0x00007ff950c89000 	C:\Windows\SYSTEM32\textinputframework.dll
0x00007ff9617c0000 - 0x00007ff9618b2000 	C:\Windows\System32\CoreMessaging.dll

dbghelp: loaded successfully - version: 4.0.5 - missing functions: none
symbol engine: initialized successfully - sym options: 0x614 - pdb path: .;C:\Users\quang\.p2\pool\plugins\org.eclipse.justj.openjdk.hotspot.jre.full.win32.x86_64_19.0.2.v20230129-1123\jre\bin;C:\Windows\SYSTEM32;C:\Windows\WinSxS\amd64_microsoft.windows.common-controls_6595b64144ccf1df_6.0.19041.1110_none_60b5254171f9507e;C:\Windows\system32\DriverStore\FileRepository\nvdmwi.inf_amd64_4e1f34e1ce3cb131;C:\Program Files\NVIDIA Corporation\CoProcManager;C:\Users\quang\.p2\pool\plugins\org.eclipse.justj.openjdk.hotspot.jre.full.win32.x86_64_19.0.2.v20230129-1123\jre\bin\server;C:\Program Files\JavaFX\javafx-sdk-20\bin;C:\Program Files\Common Files\Microsoft Shared\Ink

VM Arguments:
jvm_args: -Dfile.encoding=UTF-8 --module-path=C:\Users\quang\Documents\BTL\bin;C:\Program Files\JavaFX\javafx-sdk-20\lib\javafx.base.jar;C:\Program Files\JavaFX\javafx-sdk-20\lib\javafx.controls.jar;C:\Program Files\JavaFX\javafx-sdk-20\lib\javafx.fxml.jar;C:\Program Files\JavaFX\javafx-sdk-20\lib\javafx.graphics.jar;C:\Program Files\JavaFX\javafx-sdk-20\lib\javafx.media.jar;C:\Program Files\JavaFX\javafx-sdk-20\lib\javafx.swing.jar;C:\Program Files\JavaFX\javafx-sdk-20\lib\javafx.web.jar;C:\Program Files\JavaFX\javafx-sdk-20\lib\javafx-swt.jar -XX:+ShowCodeDetailsInExceptionMessages -Djdk.module.main=BTL 
java_command: BTL/application.Main
java_class_path (initial): C:\Users\quang\Downloads\javafx-sdk-20\lib\javafx.controls.jar;C:\Users\quang\Downloads\javafx-sdk-20\lib\javafx.base.jar;C:\Users\quang\Downloads\javafx-sdk-20\lib\javafx.graphics.jar
Launcher Type: SUN_STANDARD

[Global flags]
     intx CICompilerCount                          = 4                                         {product} {ergonomic}
     uint ConcGCThreads                            = 2                                         {product} {ergonomic}
     uint G1ConcRefinementThreads                  = 8                                         {product} {ergonomic}
   size_t G1HeapRegionSize                         = 1048576                                   {product} {ergonomic}
    uintx GCDrainStackTargetSize                   = 64                                        {product} {ergonomic}
   size_t InitialHeapSize                          = 134217728                                 {product} {ergonomic}
   size_t MarkStackSize                            = 4194304                                   {product} {ergonomic}
   size_t MaxHeapSize                              = 2118123520                                {product} {ergonomic}
   size_t MaxNewSize                               = 1270874112                                {product} {ergonomic}
   size_t MinHeapDeltaBytes                        = 1048576                                   {product} {ergonomic}
   size_t MinHeapSize                              = 8388608                                   {product} {ergonomic}
    uintx NonNMethodCodeHeapSize                   = 5839372                                {pd product} {ergonomic}
    uintx NonProfiledCodeHeapSize                  = 122909434                              {pd product} {ergonomic}
    uintx ProfiledCodeHeapSize                     = 122909434                              {pd product} {ergonomic}
    uintx ReservedCodeCacheSize                    = 251658240                              {pd product} {ergonomic}
     bool SegmentedCodeCache                       = true                                      {product} {ergonomic}
     bool ShowCodeDetailsInExceptionMessages       = true                                   {manageable} {command line}
   size_t SoftMaxHeapSize                          = 2118123520                             {manageable} {ergonomic}
     bool UseCompressedClassPointers               = true                           {product lp64_product} {ergonomic}
     bool UseCompressedOops                        = true                           {product lp64_product} {ergonomic}
     bool UseG1GC                                  = true                                      {product} {ergonomic}
     bool UseLargePagesIndividualAllocation        = false                                  {pd product} {ergonomic}

Logging:
Log output configuration:
 #0: stdout all=warning uptime,level,tags foldmultilines=false
 #1: stderr all=off uptime,level,tags foldmultilines=false

Environment Variables:
JAVA_HOME=C:\Program Files\Java\jdk1.8.0_201
PATH=C:/Users/quang/.p2/pool/plugins/org.eclipse.justj.openjdk.hotspot.jre.full.win32.x86_64_19.0.2.v20230129-1123/jre/bin/server;C:/Users/quang/.p2/pool/plugins/org.eclipse.justj.openjdk.hotspot.jre.full.win32.x86_64_19.0.2.v20230129-1123/jre/bin;C:\Program Files (x86)\Common Files\Oracle\Java\javapath;C:\Program Files (x86)\Common Files\Intel\Shared Libraries\redist\intel64\compiler;C:\Windows\system32;C:\Windows;C:\Windows\System32\Wbem;C:\Windows\System32\WindowsPowerShell\v1.0\;C:\Windows\System32\OpenSSH\;C:\Program Files\dotnet\;C:\Program Files\nodejs\;C:\Program Files\Git\cmd;C:\MinGW\bin;C:\Program Files\Microsoft SQL Server\150\Tools\Binn\;C:\Program Files\Java\jdk1.8.0_201\bin;C:\Program Files\Cloudflare\Cloudflare WARP\;D:\anaconda\anaconda3;D:\anaconda\anaconda3\Library\mingw-w64\bin;D:\anaconda\anaconda3\Library\usr\bin;D:\anaconda\anaconda3\Library\bin;D:\anaconda\anaconda3\Scripts;C:\Users\quang\AppData\Local\Programs\Python\Python311\Scripts\;C:\Users\quang\AppData\Local\Programs\Python\Python311\;C:\Program Files\MySQL\MySQL Shell 8.0\bin\;C:\Users\quang\AppData\Local\Microsoft\WindowsApps;C:\Users\quang\AppData\Local\Programs\Microsoft VS Code\bin;C:\Users\quang\AppData\Roaming\npm;C:\Users\quang\.dotnet\tools;C:\Spark\spark-3.1.2-bin-hadoop3.2\bin;C:\hadoop\bin.;C:\Program Files\Java\jdk1.8.0_201\bin;;C:\Users\quang\OneDrive\My tnh;
USERNAME=quang
OS=Windows_NT
PROCESSOR_IDENTIFIER=Intel64 Family 6 Model 42 Stepping 7, GenuineIntel
TMP=C:\Users\quang\AppData\Local\Temp
TEMP=C:\Users\quang\AppData\Local\Temp



---------------  S Y S T E M  ---------------

OS:
 Windows 10 , 64 bit Build 19041 (10.0.19041.2546)
OS uptime: 1 days 16:06 hours

CPU: total 8 (initial active 8) (4 cores per cpu, 2 threads per core) family 6 model 42 stepping 7 microcode 0x2f, cx8, cmov, fxsr, ht, mmx, sse, sse2, sse3, ssse3, sse4.1, sse4.2, popcnt, tsc, tscinvbit, avx, aes, clmul, vzeroupper, clflush, rdtscp

Memory: 4k page, system-wide physical 8072M (2340M free)
TotalPageFile size 16145M (AvailPageFile size 6649M)
current process WorkingSet (physical memory assigned to process): 147M, peak: 168M
current process commit charge ("private bytes"): 206M, peak: 268M

vm_info: OpenJDK 64-Bit Server VM (19.0.2+7) for windows-amd64 JRE (19.0.2+7), built on 2023-01-17T00:00:00Z by "temurin" with MS VC++ 16.7 (VS2019)

END.
